<?xml version="1.0" encoding="UTF-8"?>
<testsuite xmlns:xsi="http://www.w3.org/2001/XMLSchema-instance" xsi:noNamespaceSchemaLocation="https://maven.apache.org/surefire/maven-surefire-plugin/xsd/surefire-test-report-3.0.xsd" version="3.0" name="TestSuite" time="25.066" tests="1" errors="0" skipped="0" failures="0">
  <properties>
[...]
</properties>
  <testcase name="findJobs" classname="gokul.testClass.Naukri" time="20.587">
    <system-out><![CDATA[safari
Search jobs here
20
QA Engineer
QA Engineer
Excellent Opportunity For Automation Tester
Automation Tester with C#
Java Spring Boot Test Engineer x4
Qa Engineer
Test Engineer
Test Engineer
Qa Engineer
Automation Tester 
Automation Tester
QA Engineer(Cypress and Appium)
Automation Tester
QA Engineer
Automation CRM Tester
QA Engineer (Java + Selenium + Cucumber + API + Database) - Remote
Testing Engineer
Testing Engineer
Testing Engineer
Automation Tester
]]></system-out>
    <system-err><![CDATA[SLF4J: Failed to load class "org.slf4j.impl.StaticLoggerBinder".
SLF4J: Defaulting to no-operation (NOP) logger implementation
SLF4J: See http://www.slf4j.org/codes.html#StaticLoggerBinder for further details.
]]></system-err>
  </testcase>
</testsuite>