<?xml version="1.0" encoding="UTF-8"?>
<testng-results ignored="0" total="1" passed="1" failed="0" skipped="0">
  <reporter-output>
  </reporter-output>
  <suite started-at="2024-07-21T21:23:07 IST" name="Suite" finished-at="2024-07-21T21:23:31 IST" duration-ms="23931">
    <groups>
    </groups>
    <test started-at="2024-07-21T21:23:07 IST" name="Test" finished-at="2024-07-21T21:23:31 IST" duration-ms="23931">
      <class name="gokul.testClass.Naukri">
        <test-method is-config="true" signature="initilize()[pri:0, instance:gokul.testClass.Naukri@67d18ed7]" started-at="2024-07-21T21:23:07 IST" name="initilize" finished-at="2024-07-21T21:23:10 IST" duration-ms="3315" status="PASS">
          <reporter-output>
          </reporter-output>
        </test-method> <!-- initilize -->
        <test-method signature="findJobs()[pri:0, instance:gokul.testClass.Naukri@67d18ed7]" started-at="2024-07-21T21:23:10 IST" name="findJobs" finished-at="2024-07-21T21:23:31 IST" duration-ms="20575" status="PASS">
          <reporter-output>
          </reporter-output>
        </test-method> <!-- findJobs -->
      </class> <!-- gokul.testClass.Naukri -->
    </test> <!-- Test -->
  </suite> <!-- Suite -->
</testng-results>
